mode: set
github.com/tyamell/plaid-go/plaid/version.go:33.43,36.2 2 0
github.com/tyamell/plaid-go/plaid/version.go:29.2,29.51 1 0
github.com/tyamell/plaid-go/plaid/version.go:26.20,28.3 1 0
github.com/tyamell/plaid-go/plaid/version.go:25.34,26.20 1 0
github.com/tyamell/plaid-go/plaid/transactions.go:9.86,10.16 1 1
github.com/tyamell/plaid-go/plaid/transactions.go:13.2,22.23 4 1
github.com/tyamell/plaid-go/plaid/transactions.go:10.16,12.3 1 0
github.com/tyamell/plaid-go/plaid/plaid.go:99.2,103.16 5 1
github.com/tyamell/plaid-go/plaid/plaid.go:96.16,98.3 1 0
github.com/tyamell/plaid-go/plaid/plaid.go:95.2,96.16 2 1
github.com/tyamell/plaid-go/plaid/plaid.go:92.16,94.3 1 0
github.com/tyamell/plaid-go/plaid/plaid.go:88.106,92.16 3 1
github.com/tyamell/plaid-go/plaid/plaid.go:76.87,78.2 1 1
github.com/tyamell/plaid-go/plaid/plaid.go:22.35,24.2 1 0
github.com/tyamell/plaid-go/plaid/plaid.go:15.84,17.2 1 1
github.com/tyamell/plaid-go/plaid/plaid.go:143.3,143.83 1 0
github.com/tyamell/plaid-go/plaid/plaid.go:140.4,141.19 2 0
github.com/tyamell/plaid-go/plaid/plaid.go:137.56,139.5 1 0
github.com/tyamell/plaid-go/plaid/plaid.go:135.33,137.56 2 0
github.com/tyamell/plaid-go/plaid/plaid.go:134.10,135.33 1 0
github.com/tyamell/plaid-go/plaid/plaid.go:133.3,133.13 1 1
github.com/tyamell/plaid-go/plaid/plaid.go:130.55,132.4 1 0
github.com/tyamell/plaid-go/plaid/plaid.go:129.21,130.55 1 1
github.com/tyamell/plaid-go/plaid/plaid.go:128.2,128.29 1 1
github.com/tyamell/plaid-go/plaid/plaid.go:124.16,126.3 1 0
github.com/tyamell/plaid-go/plaid/plaid.go:122.2,124.16 3 1
github.com/tyamell/plaid-go/plaid/plaid.go:119.16,121.3 1 0
github.com/tyamell/plaid-go/plaid/plaid.go:118.2,119.16 2 1
github.com/tyamell/plaid-go/plaid/plaid.go:115.16,117.3 1 0
github.com/tyamell/plaid-go/plaid/plaid.go:112.2,115.16 4 1
github.com/tyamell/plaid-go/plaid/plaid.go:108.16,110.3 1 0
github.com/tyamell/plaid-go/plaid/plaid.go:107.2,108.16 2 1
github.com/tyamell/plaid-go/plaid/plaid.go:103.16,105.3 1 0
github.com/tyamell/plaid-go/plaid/item.go:7.80,9.2 1 1
github.com/tyamell/plaid-go/plaid/item.go:63.110,67.2 3 0
github.com/tyamell/plaid-go/plaid/item.go:50.99,58.2 4 1
github.com/tyamell/plaid-go/plaid/item.go:40.86,44.2 3 0
github.com/tyamell/plaid-go/plaid/item.go:31.77,35.2 3 1
github.com/tyamell/plaid-go/plaid/item.go:16.96,26.2 4 1
github.com/tyamell/plaid-go/plaid/exchange_token.go:6.92,14.2 4 0
github.com/tyamell/plaid-go/plaid/errors.go:17.36,20.2 1 0
