mode: set
github.com/tyamell/plaid-go/plaid/version.go:33.43,36.2 2 0
github.com/tyamell/plaid-go/plaid/version.go:29.2,29.51 1 0
github.com/tyamell/plaid-go/plaid/version.go:26.20,28.3 1 0
github.com/tyamell/plaid-go/plaid/version.go:25.34,26.20 1 0
github.com/tyamell/plaid-go/plaid/transactions.go:9.86,10.16 1 1
github.com/tyamell/plaid-go/plaid/transactions.go:13.2,22.23 4 1
github.com/tyamell/plaid-go/plaid/transactions.go:10.16,12.3 1 0
github.com/tyamell/plaid-go/plaid/plaid.go:98.96,100.2 1 0
github.com/tyamell/plaid-go/plaid/plaid.go:95.2,95.22 1 1
github.com/tyamell/plaid-go/plaid/plaid.go:92.16,94.3 1 0
github.com/tyamell/plaid-go/plaid/plaid.go:88.2,92.16 4 1
github.com/tyamell/plaid-go/plaid/plaid.go:85.16,87.3 1 0
github.com/tyamell/plaid-go/plaid/plaid.go:84.2,85.16 2 1
github.com/tyamell/plaid-go/plaid/plaid.go:81.16,83.3 1 0
github.com/tyamell/plaid-go/plaid/plaid.go:78.68,81.16 3 1
github.com/tyamell/plaid-go/plaid/plaid.go:75.2,75.77 1 1
github.com/tyamell/plaid-go/plaid/plaid.go:72.16,74.3 1 0
github.com/tyamell/plaid-go/plaid/plaid.go:70.95,72.16 2 1
github.com/tyamell/plaid-go/plaid/plaid.go:21.35,23.2 1 1
github.com/tyamell/plaid-go/plaid/plaid.go:142.3,142.83 1 0
github.com/tyamell/plaid-go/plaid/plaid.go:14.84,16.2 1 0
github.com/tyamell/plaid-go/plaid/plaid.go:139.4,140.19 2 0
github.com/tyamell/plaid-go/plaid/plaid.go:136.56,138.5 1 0
github.com/tyamell/plaid-go/plaid/plaid.go:134.33,136.56 2 0
github.com/tyamell/plaid-go/plaid/plaid.go:133.10,134.33 1 0
github.com/tyamell/plaid-go/plaid/plaid.go:132.3,132.13 1 0
github.com/tyamell/plaid-go/plaid/plaid.go:129.63,131.4 1 1
github.com/tyamell/plaid-go/plaid/plaid.go:128.21,129.63 1 1
github.com/tyamell/plaid-go/plaid/plaid.go:127.2,127.29 1 1
github.com/tyamell/plaid-go/plaid/plaid.go:123.16,125.3 1 0
github.com/tyamell/plaid-go/plaid/plaid.go:122.2,123.16 2 1
github.com/tyamell/plaid-go/plaid/plaid.go:115.16,117.3 1 0
github.com/tyamell/plaid-go/plaid/plaid.go:114.2,115.16 2 1
github.com/tyamell/plaid-go/plaid/plaid.go:111.16,113.3 1 0
github.com/tyamell/plaid-go/plaid/plaid.go:108.2,111.16 4 1
github.com/tyamell/plaid-go/plaid/plaid.go:104.16,106.3 1 0
github.com/tyamell/plaid-go/plaid/plaid.go:102.109,104.16 2 1
github.com/tyamell/plaid-go/plaid/item.go:7.80,9.2 1 0
github.com/tyamell/plaid-go/plaid/item.go:63.110,67.2 3 0
github.com/tyamell/plaid-go/plaid/item.go:50.99,58.2 4 0
github.com/tyamell/plaid-go/plaid/item.go:40.86,44.2 3 0
github.com/tyamell/plaid-go/plaid/item.go:31.77,35.2 3 0
github.com/tyamell/plaid-go/plaid/item.go:16.96,26.2 4 0
github.com/tyamell/plaid-go/plaid/exchange_token.go:6.92,14.2 4 0
github.com/tyamell/plaid-go/plaid/errors.go:17.36,20.2 1 0
